<?xml version="1.0" encoding="UTF-8"?>
<!DOCTYPE html PUBLIC "-//W3C//DTD XHTML 1.0 Strict//EN" "http://www.w3.org/TR/xhtml1/DTD/xhtml1-strict.dtd">
<html xmlns="http://www.w3.org/1999/xhtml">
<head>
    <title>æµ‹è¯•æŠ¥å‘Š(è¿è¡Œæœºå™¨)</title>
    <meta name="generator" content="HTMLTestRunner 0.8.2"/>
    <meta http-equiv="Content-Type" content="text/html; charset=UTF-8"/>
    
<style type="text/css" media="screen">
body        { font-family: verdana, arial, helvetica, sans-serif; font-size: 80%; }
table       { font-size: 100%; }
pre         { }

/* -- heading ---------------------------------------------------------------------- */
h1 {
	font-size: 16pt;
	color: gray;
}
.heading {
    margin-top: 0ex;
    margin-bottom: 1ex;
}

.heading .attribute {
    margin-top: 1ex;
    margin-bottom: 0;
}

.heading .description {
    margin-top: 4ex;
    margin-bottom: 6ex;
}

/* -- css div popup ------------------------------------------------------------------------ */
a.popup_link {
}

a.popup_link:hover {
    color: red;
}

.popup_window {
    display: none;
    position: relative;
    left: 0px;
    top: 0px;
    /*border: solid #627173 1px; */
    padding: 10px;
    background-color: #E6E6D6;
    font-family: "Lucida Console", "Courier New", Courier, monospace;
    text-align: left;
    font-size: 8pt;
    width: 500px;
}

}
/* -- report ------------------------------------------------------------------------ */
#show_detail_line {
    margin-top: 3ex;
    margin-bottom: 1ex;
}
#result_table {
    width: 80%;
    border-collapse: collapse;
    border: 1px solid #777;
}
#header_row {
    font-weight: bold;
    color: white;
    background-color: #777;
}
#result_table td {
    border: 1px solid #777;
    padding: 2px;
}
#total_row  { font-weight: bold; }
.passClass  { background-color: #6c6; }
.failClass  { background-color: #c60; }
.errorClass { background-color: #c00; }
.passCase   { color: #6c6; }
.failCase   { color: #c60; font-weight: bold; }
.errorCase  { color: #c00; font-weight: bold; }
.hiddenRow  { display: none; }
.testcase   { margin-left: 2em; }


/* -- ending ---------------------------------------------------------------------- */
#ending {
}

</style>

</head>
<body>
<script language="javascript" type="text/javascript"><!--
output_list = Array();

/* level - 0:Summary; 1:Failed; 2:All */
function showCase(level) {
    trs = document.getElementsByTagName("tr");
    for (var i = 0; i < trs.length; i++) {
        tr = trs[i];
        id = tr.id;
        if (id.substr(0,2) == 'ft') {
            if (level < 1) {
                tr.className = 'hiddenRow';
            }
            else {
                tr.className = '';
            }
        }
        if (id.substr(0,2) == 'pt') {
            if (level > 1) {
                tr.className = '';
            }
            else {
                tr.className = 'hiddenRow';
            }
        }
    }
}


function showClassDetail(cid, count) {
    var id_list = Array(count);
    var toHide = 1;
    for (var i = 0; i < count; i++) {
        tid0 = 't' + cid.substr(1) + '.' + (i+1);
        tid = 'f' + tid0;
        tr = document.getElementById(tid);
        if (!tr) {
            tid = 'p' + tid0;
            tr = document.getElementById(tid);
        }
        id_list[i] = tid;
        if (tr.className) {
            toHide = 0;
        }
    }
    for (var i = 0; i < count; i++) {
        tid = id_list[i];
        if (toHide) {
            document.getElementById('div_'+tid).style.display = 'none'
            document.getElementById(tid).className = 'hiddenRow';
        }
        else {
            document.getElementById(tid).className = '';
        }
    }
}


function showTestDetail(div_id){
    var details_div = document.getElementById(div_id)
    var displayState = details_div.style.display
    // alert(displayState)
    if (displayState != 'block' ) {
        displayState = 'block'
        details_div.style.display = 'block'
    }
    else {
        details_div.style.display = 'none'
    }
}


function html_escape(s) {
    s = s.replace(/&/g,'&amp;');
    s = s.replace(/</g,'&lt;');
    s = s.replace(/>/g,'&gt;');
    return s;
}

/* obsoleted by detail in <div>
function showOutput(id, name) {
    var w = window.open("", //url
                    name,
                    "resizable,scrollbars,status,width=800,height=450");
    d = w.document;
    d.write("<pre>");
    d.write(html_escape(output_list[id]));
    d.write("\n");
    d.write("<a href='javascript:window.close()'>close</a>\n");
    d.write("</pre>\n");
    d.close();
}
*/
--></script>

<div class='heading'>
<h1>æµ‹è¯•æŠ¥å‘Š(è¿è¡Œæœºå™¨)</h1>
<p class='attribute'><strong>Start Time:</strong> 2017-12-21 03:10:17</p>
<p class='attribute'><strong>Duration:</strong> 0:45:49.947000</p>
<p class='attribute'><strong>Status:</strong> Pass 25 Failure 9 Error 12</p>

<p class='description'>ç”¨ä¾‹æ‰§è¡Œæƒ…å†µï¼š</p>
</div>



<p id='show_detail_line'>Show
<a href='javascript:showCase(0)'>Summary</a>
<a href='javascript:showCase(1)'>Failed</a>
<a href='javascript:showCase(2)'>All</a>
</p>
<table id='result_table'>
<colgroup>
<col align='left' />
<col align='right' />
<col align='right' />
<col align='right' />
<col align='right' />
<col align='right' />
</colgroup>
<tr id='header_row'>
    <td>Test Group/Test case</td>
    <td>Count</td>
    <td>Pass</td>
    <td>Fail</td>
    <td>Error</td>
    <td>View</td>
</tr>

<tr class='passClass'>
    <td>test_b_send_etx.Imtest</td>
    <td>1</td>
    <td>1</td>
    <td>0</td>
    <td>0</td>
    <td><a href="javascript:showClassDetail('c1',1)">Detail</a></td>
</tr>

<tr id='pt1.1' class='hiddenRow'>
    <td class='none'><div class='testcase'>test_send_txt: æŸ¥æ‰¾è”ç³»äººï¼Œå‘é€æ–‡æœ¬æ¶ˆæ¯</div></td>
    <td colspan='5' align='center'>

    <!--css div popup start-->
    <a class="popup_link" onfocus='this.blur();' href="javascript:showTestDetail('div_pt1.1')" >
        pass</a>

    <div id='div_pt1.1' class="popup_window">
        <div style='text-align: right; color:red;cursor:pointer'>
        <a onfocus='this.blur();' onclick="document.getElementById('div_pt1.1').style.display = 'none' " >
           [x]</a>
        </div>
        <pre>
        
pt1.1: Ã©Â€Â€Ã¥Â‡ÂºÃ§Â™Â»Ã¥Â½Â•
1
Ã§Â‚Â¹Ã¥Â‡Â»Ã§Â™Â»Ã©Â™Â†Ã¥Â¹Â¶Ã§Â­Â‰Ã¥Â¾Â…Ã¤ÂºÂ†2Ã§Â§Â’
2
Ã¨Â´Â¦Ã¥ÂÂ·13311267857Ã¥Â·Â²Ã§Â»ÂÃ§Â™Â»Ã¥Â½Â•
Ã¥Â·Â²Ã§Â»ÂÃ¥ÂˆÂ Ã©Â™Â¤Ã¥Â¯Â¹Ã¨Â¯ÂÃ¥ÂÂ†Ã¥ÂÂ²Ã¦Â¶ÂˆÃ¦ÂÂ¯


        </pre>
    </div>
    <!--css div popup end-->

    </td>
</tr>

<tr class='passClass'>
    <td>test_b_send_etxt.Imtest</td>
    <td>1</td>
    <td>1</td>
    <td>0</td>
    <td>0</td>
    <td><a href="javascript:showClassDetail('c2',1)">Detail</a></td>
</tr>

<tr id='pt2.1' class='hiddenRow'>
    <td class='none'><div class='testcase'>test_send_txt: æŸ¥æ‰¾è”ç³»äººï¼Œå‘é€æ–‡æœ¬æ¶ˆæ¯</div></td>
    <td colspan='5' align='center'>

    <!--css div popup start-->
    <a class="popup_link" onfocus='this.blur();' href="javascript:showTestDetail('div_pt2.1')" >
        pass</a>

    <div id='div_pt2.1' class="popup_window">
        <div style='text-align: right; color:red;cursor:pointer'>
        <a onfocus='this.blur();' onclick="document.getElementById('div_pt2.1').style.display = 'none' " >
           [x]</a>
        </div>
        <pre>
        
pt2.1: å·²ç»åˆ é™¤å¯¹è¯å†å²æ¶ˆæ¯
hello tester
å·²è¯»


        </pre>
    </div>
    <!--css div popup end-->

    </td>
</tr>

<tr class='passClass'>
    <td>test_b_send_etxt1.Imtest</td>
    <td>1</td>
    <td>1</td>
    <td>0</td>
    <td>0</td>
    <td><a href="javascript:showClassDetail('c3',1)">Detail</a></td>
</tr>

<tr id='pt3.1' class='hiddenRow'>
    <td class='none'><div class='testcase'>test_send_txt: æŸ¥æ‰¾è”ç³»äººï¼Œå‘é€æ–‡æœ¬æ¶ˆæ¯</div></td>
    <td colspan='5' align='center'>

    <!--css div popup start-->
    <a class="popup_link" onfocus='this.blur();' href="javascript:showTestDetail('div_pt3.1')" >
        pass</a>

    <div id='div_pt3.1' class="popup_window">
        <div style='text-align: right; color:red;cursor:pointer'>
        <a onfocus='this.blur();' onclick="document.getElementById('div_pt3.1').style.display = 'none' " >
           [x]</a>
        </div>
        <pre>
        
pt3.1: å·²ç»åˆ é™¤å¯¹è¯åç§°ä¸ºâ€œçƒçƒâ€çš„å†å²æ¶ˆæ¯
aaaaaaaaaaaaaaaaaaaaaaaaaaaaaaaaaaaaaaaaaaaaaaaaaaaaaaaaaaaaaaaaaaaaaaaaaaaaaaaaaaaaaaaaaaaaaaaaaaaaaaaaaaaaaaaaaaaaaaaaaaaaaaaaaaaaaaaaaaaaaaaaaaaaaaaaaaaaaaaaaaaaaaaaaaaaaaaaaaaaaaaaaaaaaaaaaaaaaaaaa
å·²è¯»


        </pre>
    </div>
    <!--css div popup end-->

    </td>
</tr>

<tr class='passClass'>
    <td>test_b_send_expression.Imtest</td>
    <td>1</td>
    <td>1</td>
    <td>0</td>
    <td>0</td>
    <td><a href="javascript:showClassDetail('c4',1)">Detail</a></td>
</tr>

<tr id='pt4.1' class='hiddenRow'>
    <td class='none'><div class='testcase'>test_send_expression: æŸ¥æ‰¾è”ç³»äººï¼Œå‘é€è¡¨æƒ…</div></td>
    <td colspan='5' align='center'>

    <!--css div popup start-->
    <a class="popup_link" onfocus='this.blur();' href="javascript:showTestDetail('div_pt4.1')" >
        pass</a>

    <div id='div_pt4.1' class="popup_window">
        <div style='text-align: right; color:red;cursor:pointer'>
        <a onfocus='this.blur();' onclick="document.getElementById('div_pt4.1').style.display = 'none' " >
           [x]</a>
        </div>
        <pre>
        
pt4.1: å·²ç»åˆ é™¤å¯¹è¯åç§°ä¸ºâ€œçƒçƒâ€çš„å†å²æ¶ˆæ¯
æ¥æ”¶è¡¨æƒ…æˆåŠŸğŸ˜„


        </pre>
    </div>
    <!--css div popup end-->

    </td>
</tr>

<tr class='passClass'>
    <td>test_b_send_link.Imtest</td>
    <td>1</td>
    <td>1</td>
    <td>0</td>
    <td>0</td>
    <td><a href="javascript:showClassDetail('c5',1)">Detail</a></td>
</tr>

<tr id='pt5.1' class='hiddenRow'>
    <td class='none'><div class='testcase'>test_send_txt: å‘é€é“¾æ¥æ¶ˆæ¯</div></td>
    <td colspan='5' align='center'>

    <!--css div popup start-->
    <a class="popup_link" onfocus='this.blur();' href="javascript:showTestDetail('div_pt5.1')" >
        pass</a>

    <div id='div_pt5.1' class="popup_window">
        <div style='text-align: right; color:red;cursor:pointer'>
        <a onfocus='this.blur();' onclick="document.getElementById('div_pt5.1').style.display = 'none' " >
           [x]</a>
        </div>
        <pre>
        
pt5.1: å·²ç»åˆ é™¤å¯¹è¯åç§°ä¸ºâ€œçƒçƒâ€çš„å†å²æ¶ˆæ¯
[u'NATIVE_APP']
è®¿é—®é“¾æ¥æˆåŠŸ


        </pre>
    </div>
    <!--css div popup end-->

    </td>
</tr>

<tr class='passClass'>
    <td>test_b_send_photograph.Imtest</td>
    <td>1</td>
    <td>1</td>
    <td>0</td>
    <td>0</td>
    <td><a href="javascript:showClassDetail('c6',1)">Detail</a></td>
</tr>

<tr id='pt6.1' class='hiddenRow'>
    <td class='none'><div class='testcase'>test_send_photograph: å‘é€æ‹æ‘„ç…§ç‰‡</div></td>
    <td colspan='5' align='center'>

    <!--css div popup start-->
    <a class="popup_link" onfocus='this.blur();' href="javascript:showTestDetail('div_pt6.1')" >
        pass</a>

    <div id='div_pt6.1' class="popup_window">
        <div style='text-align: right; color:red;cursor:pointer'>
        <a onfocus='this.blur();' onclick="document.getElementById('div_pt6.1').style.display = 'none' " >
           [x]</a>
        </div>
        <pre>
        
pt6.1: å·²ç»åˆ é™¤å¯¹è¯åç§°ä¸ºâ€œçƒçƒâ€çš„å†å²æ¶ˆæ¯
Start : Thu Dec 21 03:16:55 2017æ‹ç…§æˆåŠŸ
å·²è¯» é˜…è¯»çŠ¶æ€éªŒè¯æˆåŠŸ
195.0 373.0
595 473


        </pre>
    </div>
    <!--css div popup end-->

    </td>
</tr>

<tr class='passClass'>
    <td>test_b_send_picture.Imtest</td>
    <td>1</td>
    <td>1</td>
    <td>0</td>
    <td>0</td>
    <td><a href="javascript:showClassDetail('c7',1)">Detail</a></td>
</tr>

<tr id='pt7.1' class='hiddenRow'>
    <td class='none'><div class='testcase'>test_send_picture: å‘é€å›¾ç‰‡</div></td>
    <td colspan='5' align='center'>

    <!--css div popup start-->
    <a class="popup_link" onfocus='this.blur();' href="javascript:showTestDetail('div_pt7.1')" >
        pass</a>

    <div id='div_pt7.1' class="popup_window">
        <div style='text-align: right; color:red;cursor:pointer'>
        <a onfocus='this.blur();' onclick="document.getElementById('div_pt7.1').style.display = 'none' " >
           [x]</a>
        </div>
        <pre>
        
pt7.1: Start : Thu Dec 21 03:17:41 2017
Stop : Thu Dec 21 03:17:46 2017
Start : Thu Dec 21 03:17:53 2017
Stop : Thu Dec 21 03:17:58 2017
æ¥æ”¶å›¾ç‰‡æˆåŠŸ
195.0 373.0
595 473


        </pre>
    </div>
    <!--css div popup end-->

    </td>
</tr>

<tr class='passClass'>
    <td>test_b_send_video.Imtest</td>
    <td>1</td>
    <td>1</td>
    <td>0</td>
    <td>0</td>
    <td><a href="javascript:showClassDetail('c8',1)">Detail</a></td>
</tr>

<tr id='pt8.1' class='hiddenRow'>
    <td class='none'><div class='testcase'>test_send_video: å‘é€å°è§†é¢‘10ç§’</div></td>
    <td colspan='5' align='center'>

    <!--css div popup start-->
    <a class="popup_link" onfocus='this.blur();' href="javascript:showTestDetail('div_pt8.1')" >
        pass</a>

    <div id='div_pt8.1' class="popup_window">
        <div style='text-align: right; color:red;cursor:pointer'>
        <a onfocus='this.blur();' onclick="document.getElementById('div_pt8.1').style.display = 'none' " >
           [x]</a>
        </div>
        <pre>
        
pt8.1: å·²ç»åˆ é™¤å¯¹è¯åç§°ä¸ºâ€œçƒçƒâ€çš„å†å²æ¶ˆæ¯
å·²è¯» é˜…è¯»çŠ¶æ€éªŒè¯æˆåŠŸ
æ¥æ”¶å°è§†é¢‘å¹¶æ’­æ”¾æˆåŠŸ


        </pre>
    </div>
    <!--css div popup end-->

    </td>
</tr>

<tr class='passClass'>
    <td>test_b_send_video30.Imtest</td>
    <td>1</td>
    <td>1</td>
    <td>0</td>
    <td>0</td>
    <td><a href="javascript:showClassDetail('c9',1)">Detail</a></td>
</tr>

<tr id='pt9.1' class='hiddenRow'>
    <td class='none'><div class='testcase'>test_send_video: å‘é€å°è§†é¢‘</div></td>
    <td colspan='5' align='center'>

    <!--css div popup start-->
    <a class="popup_link" onfocus='this.blur();' href="javascript:showTestDetail('div_pt9.1')" >
        pass</a>

    <div id='div_pt9.1' class="popup_window">
        <div style='text-align: right; color:red;cursor:pointer'>
        <a onfocus='this.blur();' onclick="document.getElementById('div_pt9.1').style.display = 'none' " >
           [x]</a>
        </div>
        <pre>
        
pt9.1: å·²ç»åˆ é™¤å¯¹è¯åç§°ä¸ºâ€œçƒçƒâ€çš„å†å²æ¶ˆæ¯
å·²è¯» é˜…è¯»çŠ¶æ€éªŒè¯æˆåŠŸ
[1;31;40må‘é€30ç§’å°è§†é¢‘æˆåŠŸï¼[0m


        </pre>
    </div>
    <!--css div popup end-->

    </td>
</tr>

<tr class='passClass'>
    <td>test_b_send_vm_change.Imtest</td>
    <td>1</td>
    <td>1</td>
    <td>0</td>
    <td>0</td>
    <td><a href="javascript:showClassDetail('c10',1)">Detail</a></td>
</tr>

<tr id='pt10.1' class='hiddenRow'>
    <td class='none'><div class='testcase'>test_send_voicemessage: å‘é€èè‰å˜å£°è¯­éŸ³æ¶ˆæ¯</div></td>
    <td colspan='5' align='center'>

    <!--css div popup start-->
    <a class="popup_link" onfocus='this.blur();' href="javascript:showTestDetail('div_pt10.1')" >
        pass</a>

    <div id='div_pt10.1' class="popup_window">
        <div style='text-align: right; color:red;cursor:pointer'>
        <a onfocus='this.blur();' onclick="document.getElementById('div_pt10.1').style.display = 'none' " >
           [x]</a>
        </div>
        <pre>
        
pt10.1: å·²ç»åˆ é™¤å¯¹è¯åç§°ä¸ºâ€œçƒçƒâ€çš„å†å²æ¶ˆæ¯
å·²è¯» é˜…è¯»çŠ¶æ€éªŒè¯æˆåŠŸ


        </pre>
    </div>
    <!--css div popup end-->

    </td>
</tr>

<tr class='passClass'>
    <td>test_b_send_vm_change60.Imtest</td>
    <td>1</td>
    <td>1</td>
    <td>0</td>
    <td>0</td>
    <td><a href="javascript:showClassDetail('c11',1)">Detail</a></td>
</tr>

<tr id='pt11.1' class='hiddenRow'>
    <td class='none'><div class='testcase'>test_send_voicemessage: å‘é€èè‰å˜å£°è¯­éŸ³æ¶ˆæ¯</div></td>
    <td colspan='5' align='center'>

    <!--css div popup start-->
    <a class="popup_link" onfocus='this.blur();' href="javascript:showTestDetail('div_pt11.1')" >
        pass</a>

    <div id='div_pt11.1' class="popup_window">
        <div style='text-align: right; color:red;cursor:pointer'>
        <a onfocus='this.blur();' onclick="document.getElementById('div_pt11.1').style.display = 'none' " >
           [x]</a>
        </div>
        <pre>
        
pt11.1: å·²ç»åˆ é™¤å¯¹è¯åç§°ä¸ºâ€œçƒçƒâ€çš„å†å²æ¶ˆæ¯
å·²è¯» é˜…è¯»çŠ¶æ€éªŒè¯æˆåŠŸ
Start : Thu Dec 21 03:23:17 2017
Stop : Thu Dec 21 03:23:19 2017


        </pre>
    </div>
    <!--css div popup end-->

    </td>
</tr>

<tr class='passClass'>
    <td>test_b_send_voicemessage.Imtest</td>
    <td>1</td>
    <td>1</td>
    <td>0</td>
    <td>0</td>
    <td><a href="javascript:showClassDetail('c12',1)">Detail</a></td>
</tr>

<tr id='pt12.1' class='hiddenRow'>
    <td class='none'><div class='testcase'>test_send_voicemessage: å‘é€è¯­éŸ³æ¶ˆæ¯</div></td>
    <td colspan='5' align='center'>

    <!--css div popup start-->
    <a class="popup_link" onfocus='this.blur();' href="javascript:showTestDetail('div_pt12.1')" >
        pass</a>

    <div id='div_pt12.1' class="popup_window">
        <div style='text-align: right; color:red;cursor:pointer'>
        <a onfocus='this.blur();' onclick="document.getElementById('div_pt12.1').style.display = 'none' " >
           [x]</a>
        </div>
        <pre>
        
pt12.1: å·²ç»åˆ é™¤å¯¹è¯åç§°ä¸ºâ€œçƒçƒâ€çš„å†å²æ¶ˆæ¯
å·²è¯» é˜…è¯»çŠ¶æ€éªŒè¯æˆåŠŸ
230.0 416.0
630 516


        </pre>
    </div>
    <!--css div popup end-->

    </td>
</tr>

<tr class='passClass'>
    <td>test_b_send_voicemessage60.Imtest</td>
    <td>1</td>
    <td>1</td>
    <td>0</td>
    <td>0</td>
    <td><a href="javascript:showClassDetail('c13',1)">Detail</a></td>
</tr>

<tr id='pt13.1' class='hiddenRow'>
    <td class='none'><div class='testcase'>test_send_voicemessage: å‘é€è¯­éŸ³æ¶ˆæ¯60ç§’</div></td>
    <td colspan='5' align='center'>

    <!--css div popup start-->
    <a class="popup_link" onfocus='this.blur();' href="javascript:showTestDetail('div_pt13.1')" >
        pass</a>

    <div id='div_pt13.1' class="popup_window">
        <div style='text-align: right; color:red;cursor:pointer'>
        <a onfocus='this.blur();' onclick="document.getElementById('div_pt13.1').style.display = 'none' " >
           [x]</a>
        </div>
        <pre>
        
pt13.1: å·²ç»åˆ é™¤å¯¹è¯åç§°ä¸ºâ€œçƒçƒâ€çš„å†å²æ¶ˆæ¯
Start : Thu Dec 21 03:25:34 2017
Stop : Thu Dec 21 03:25:40 2017
å·²è¯» é˜…è¯»çŠ¶æ€éªŒè¯æˆåŠŸ
29
29" è¯­éŸ³æ—¶é—´æ˜¾ç¤ºéªŒè¯æˆåŠŸ


        </pre>
    </div>
    <!--css div popup end-->

    </td>
</tr>

<tr class='errorClass'>
    <td>test_c_send_readrurn_photo.Imtest</td>
    <td>1</td>
    <td>0</td>
    <td>0</td>
    <td>1</td>
    <td><a href="javascript:showClassDetail('c14',1)">Detail</a></td>
</tr>

<tr id='ft14.1' class='none'>
    <td class='errorCase'><div class='testcase'>test_send_readrurn: æ‹æ‘„ç…§ç‰‡å‘é€é˜…åå³ç„š</div></td>
    <td colspan='5' align='center'>

    <!--css div popup start-->
    <a class="popup_link" onfocus='this.blur();' href="javascript:showTestDetail('div_ft14.1')" >
        error</a>

    <div id='div_ft14.1' class="popup_window">
        <div style='text-align: right; color:red;cursor:pointer'>
        <a onfocus='this.blur();' onclick="document.getElementById('div_ft14.1').style.display = 'none' " >
           [x]</a>
        </div>
        <pre>
        
ft14.1: å·²ç»åˆ é™¤å¯¹è¯åç§°ä¸ºâ€œçƒçƒâ€çš„å†å²æ¶ˆæ¯
é€€å‡ºç™»å½•
1
ç‚¹å‡»ç™»é™†å¹¶ç­‰å¾…äº†2ç§’
2
è´¦å·13366778604å·²ç»ç™»å½•
Traceback (most recent call last):
  File "E:\workspace\IM5.4.0_timing\test_c_send_readrurn_photo.py", line 72, in test_send_readrurn
    self.driver.find_element_by_name("[Ã¥Â›Â¾Ã§Â‰Â‡]").click()
  File "C:\Python27\lib\site-packages\selenium\webdriver\remote\webdriver.py", line 381, in find_element_by_name
    return self.find_element(by=By.NAME, value=name)
  File "C:\Python27\lib\site-packages\selenium\webdriver\remote\webdriver.py", line 787, in find_element
    'value': value})['value']
  File "C:\Python27\lib\site-packages\selenium\webdriver\remote\webdriver.py", line 252, in execute
    self.error_handler.check_response(response)
  File "C:\Python27\lib\site-packages\appium\webdriver\errorhandler.py", line 29, in check_response
    raise wde
NoSuchElementException: Message: An element could not be located on the page using the given search parameters.



        </pre>
    </div>
    <!--css div popup end-->

    </td>
</tr>

<tr class='errorClass'>
    <td>test_c_send_readrurn_picture.Imtest</td>
    <td>1</td>
    <td>0</td>
    <td>0</td>
    <td>1</td>
    <td><a href="javascript:showClassDetail('c15',1)">Detail</a></td>
</tr>

<tr id='ft15.1' class='none'>
    <td class='errorCase'><div class='testcase'>test_send_readrurn: å‘é€é˜…åå³ç„šï¼Œç›¸å†Œé€‰å–å›¾ç‰‡</div></td>
    <td colspan='5' align='center'>

    <!--css div popup start-->
    <a class="popup_link" onfocus='this.blur();' href="javascript:showTestDetail('div_ft15.1')" >
        error</a>

    <div id='div_ft15.1' class="popup_window">
        <div style='text-align: right; color:red;cursor:pointer'>
        <a onfocus='this.blur();' onclick="document.getElementById('div_ft15.1').style.display = 'none' " >
           [x]</a>
        </div>
        <pre>
        
ft15.1: 1
Ã¨Â´Â¦Ã¥ÂÂ·13311267857Ã¥Â·Â²Ã§Â»ÂÃ§Â™Â»Ã¥Â½Â•
2
Ã¨Â´Â¦Ã¥ÂÂ·13311267857Ã¥Â·Â²Ã§Â»ÂÃ§Â™Â»Ã¥Â½Â•
Traceback (most recent call last):
  File "E:\workspace\IM5.4.0_timing\test_c_send_readrurn_picture.py", line 40, in test_send_readrurn
    self.driver.find_element_by_name(u"[Ã¥Â›Â¾Ã§Â‰Â‡]").click()
  File "C:\Python27\lib\site-packages\selenium\webdriver\remote\webdriver.py", line 381, in find_element_by_name
    return self.find_element(by=By.NAME, value=name)
  File "C:\Python27\lib\site-packages\selenium\webdriver\remote\webdriver.py", line 787, in find_element
    'value': value})['value']
  File "C:\Python27\lib\site-packages\selenium\webdriver\remote\webdriver.py", line 252, in execute
    self.error_handler.check_response(response)
  File "C:\Python27\lib\site-packages\appium\webdriver\errorhandler.py", line 29, in check_response
    raise wde
NoSuchElementException: Message: An element could not be located on the page using the given search parameters.



        </pre>
    </div>
    <!--css div popup end-->

    </td>
</tr>

<tr class='passClass'>
    <td>test_d_creategroup1.Imtest</td>
    <td>1</td>
    <td>1</td>
    <td>0</td>
    <td>0</td>
    <td><a href="javascript:showClassDetail('c16',1)">Detail</a></td>
</tr>

<tr id='pt16.1' class='hiddenRow'>
    <td class='none'><div class='testcase'>test_creategroup: åˆ›å»ºç¾¤ç»„è®¾ç½®çœå¸‚åŒºã€ç±»å‹ã€å…¬å‘Š</div></td>
    <td colspan='5' align='center'>

    <!--css div popup start-->
    <a class="popup_link" onfocus='this.blur();' href="javascript:showTestDetail('div_pt16.1')" >
        pass</a>

    <div id='div_pt16.1' class="popup_window">
        <div style='text-align: right; color:red;cursor:pointer'>
        <a onfocus='this.blur();' onclick="document.getElementById('div_pt16.1').style.display = 'none' " >
           [x]</a>
        </div>
        <pre>
        
pt16.1: é€€å‡ºç™»å½•
1
ç‚¹å‡»ç™»é™†å¹¶ç­‰å¾…äº†2ç§’
2
è´¦å·13311267857å·²ç»ç™»å½•
Start : Thu Dec 21 03:29:01 2017
Stop : Thu Dec 21 03:29:03 2017
Start : Thu Dec 21 03:29:03 2017
Stop : Thu Dec 21 03:29:05 2017
Stop : Thu Dec 21 03:29:06 2017
é‚€è¯·äººæ•°æ˜¾ç¤ºæ­£ç¡®å·²é€‰æ‹©ï¼š2äºº
ç¾¤ç»„èŠå¤©é¡µé¢ç¾¤ç»„åç§°æ˜¯ groupname1 æ˜¾ç¤ºæ­£ç¡®
ç¾¤ç»„ID    gg80198283629


        </pre>
    </div>
    <!--css div popup end-->

    </td>
</tr>

<tr class='passClass'>
    <td>test_d_group_ban.Imtest</td>
    <td>1</td>
    <td>1</td>
    <td>0</td>
    <td>0</td>
    <td><a href="javascript:showClassDetail('c17',1)">Detail</a></td>
</tr>

<tr id='pt17.1' class='hiddenRow'>
    <td class='none'><div class='testcase'>test_group_ban: è®¾ç½®ç¾¤æˆå‘˜ç¦è¨€</div></td>
    <td colspan='5' align='center'>

    <!--css div popup start-->
    <a class="popup_link" onfocus='this.blur();' href="javascript:showTestDetail('div_pt17.1')" >
        pass</a>

    <div id='div_pt17.1' class="popup_window">
        <div style='text-align: right; color:red;cursor:pointer'>
        <a onfocus='this.blur();' onclick="document.getElementById('div_pt17.1').style.display = 'none' " >
           [x]</a>
        </div>
        <pre>
        
pt17.1: é€€å‡ºç™»å½•
1
ç‚¹å‡»ç™»é™†å¹¶ç­‰å¾…äº†2ç§’
2
è´¦å·13366778604å·²ç»ç™»å½•
è¢«è®¾ç½®ç¦è¨€ç”¨æˆ·å‘é€æ¶ˆæ¯ï¼Œé¡µé¢å¼¹å‡ºæç¤º+++++++æ‚¨å·²ç»è¢«ç¦è¨€


        </pre>
    </div>
    <!--css div popup end-->

    </td>
</tr>

<tr class='passClass'>
    <td>test_d_group_unban.Imtest</td>
    <td>1</td>
    <td>1</td>
    <td>0</td>
    <td>0</td>
    <td><a href="javascript:showClassDetail('c18',1)">Detail</a></td>
</tr>

<tr id='pt18.1' class='hiddenRow'>
    <td class='none'><div class='testcase'>test_group_unban: è¢«ç¦è¨€ç¾¤æˆå‘˜è§£é™¤ç¦è¨€</div></td>
    <td colspan='5' align='center'>

    <!--css div popup start-->
    <a class="popup_link" onfocus='this.blur();' href="javascript:showTestDetail('div_pt18.1')" >
        pass</a>

    <div id='div_pt18.1' class="popup_window">
        <div style='text-align: right; color:red;cursor:pointer'>
        <a onfocus='this.blur();' onclick="document.getElementById('div_pt18.1').style.display = 'none' " >
           [x]</a>
        </div>
        <pre>
        
pt18.1: é€€å‡ºç™»å½•
1
ç‚¹å‡»ç™»é™†å¹¶ç­‰å¾…äº†2ç§’
2
è´¦å·13311267857å·²ç»ç™»å½•
gg80198283629
ç¾¤ç»„id:gg80198283629
é€€å‡ºç™»å½•
1
ç‚¹å‡»ç™»é™†å¹¶ç­‰å¾…äº†2ç§’
2
è´¦å·13366778604å·²ç»ç™»å½•
å·²ç»åˆ é™¤å¯¹è¯åç§°ä¸ºâ€œhelloâ€çš„å†å²æ¶ˆæ¯
hello
æœªè¯»
ç¾¤ç»„å†…è¢«è§£ç¦æˆå‘˜å‘é€æ¶ˆæ¯æˆåŠŸ


        </pre>
    </div>
    <!--css div popup end-->

    </td>
</tr>

<tr class='failClass'>
    <td>test_d_kick_grouper.Imtest</td>
    <td>1</td>
    <td>0</td>
    <td>1</td>
    <td>0</td>
    <td><a href="javascript:showClassDetail('c19',1)">Detail</a></td>
</tr>

<tr id='ft19.1' class='none'>
    <td class='failCase'><div class='testcase'>test_creategroup: è¸¢å‡ºç¾¤æˆå‘˜</div></td>
    <td colspan='5' align='center'>

    <!--css div popup start-->
    <a class="popup_link" onfocus='this.blur();' href="javascript:showTestDetail('div_ft19.1')" >
        fail</a>

    <div id='div_ft19.1' class="popup_window">
        <div style='text-align: right; color:red;cursor:pointer'>
        <a onfocus='this.blur();' onclick="document.getElementById('div_ft19.1').style.display = 'none' " >
           [x]</a>
        </div>
        <pre>
        
ft19.1: Ã©Â€Â€Ã¥Â‡ÂºÃ§Â™Â»Ã¥Â½Â•
1
Ã§Â‚Â¹Ã¥Â‡Â»Ã§Â™Â»Ã©Â™Â†Ã¥Â¹Â¶Ã§Â­Â‰Ã¥Â¾Â…Ã¤ÂºÂ†2Ã§Â§Â’
2
Ã¨Â´Â¦Ã¥ÂÂ·13311267857Ã¥Â·Â²Ã§Â»ÂÃ§Â™Â»Ã¥Â½Â•
Traceback (most recent call last):
  File "E:\workspace\IM5.4.0_timing\test_d_kick_grouper.py", line 54, in test_creategroup
    assert_equal(el,"1",msg=u'Ã¦Â€Â»Ã¦ÂœÂªÃ¨Â¯Â»Ã¦Â¶ÂˆÃ¦ÂÂ¯Ã¦Â•Â°Ã¦Â˜Â¾Ã§Â¤ÂºÃ¤Â¸ÂÃ¥Â¯Â¹')
  File "C:\Python27\lib\site-packages\robot\utils\asserts.py", line 182, in assert_equal
    _report_inequality_failure(first, second, msg, values, '!=')
  File "C:\Python27\lib\site-packages\robot\utils\asserts.py", line 230, in _report_inequality_failure
    raise AssertionError(msg)
AssertionError: Ã¦Â€Â»Ã¦ÂœÂªÃ¨Â¯Â»Ã¦Â¶ÂˆÃ¦ÂÂ¯Ã¦Â•Â°Ã¦Â˜Â¾Ã§Â¤ÂºÃ¤Â¸ÂÃ¥Â¯Â¹: 2 != 1


        </pre>
    </div>
    <!--css div popup end-->

    </td>
</tr>

<tr class='errorClass'>
    <td>test_d_kinvite_grouper.Imtest</td>
    <td>1</td>
    <td>0</td>
    <td>0</td>
    <td>1</td>
    <td><a href="javascript:showClassDetail('c20',1)">Detail</a></td>
</tr>

<tr id='ft20.1' class='none'>
    <td class='errorCase'><div class='testcase'>test_creategroup: é‚€è¯·ç¾¤æˆå‘˜</div></td>
    <td colspan='5' align='center'>

    <!--css div popup start-->
    <a class="popup_link" onfocus='this.blur();' href="javascript:showTestDetail('div_ft20.1')" >
        error</a>

    <div id='div_ft20.1' class="popup_window">
        <div style='text-align: right; color:red;cursor:pointer'>
        <a onfocus='this.blur();' onclick="document.getElementById('div_ft20.1').style.display = 'none' " >
           [x]</a>
        </div>
        <pre>
        
ft20.1: Traceback (most recent call last):
  File "E:\workspace\IM5.4.0_timing\test_d_kinvite_grouper.py", line 45, in test_creategroup
    driver.find_element_by_id("com.yuntongxun.eckuailiao:id/btn_left").click()#Ã§Â¾Â¤Ã§Â»Â„Ã¥Â†Â…Ã¨Â¿Â”Ã¥Â›ÂÃ¦ÂŒÂ‰Ã©Â’Â®
  File "C:\Python27\lib\site-packages\selenium\webdriver\remote\webdriver.py", line 285, in find_element_by_id
    return self.find_element(by=By.ID, value=id_)
  File "C:\Python27\lib\site-packages\selenium\webdriver\remote\webdriver.py", line 787, in find_element
    'value': value})['value']
  File "C:\Python27\lib\site-packages\selenium\webdriver\remote\webdriver.py", line 252, in execute
    self.error_handler.check_response(response)
  File "C:\Python27\lib\site-packages\appium\webdriver\errorhandler.py", line 29, in check_response
    raise wde
NoSuchElementException: Message: An element could not be located on the page using the given search parameters.



        </pre>
    </div>
    <!--css div popup end-->

    </td>
</tr>

<tr class='errorClass'>
    <td>test_d_set0_administrator.Imtest</td>
    <td>1</td>
    <td>0</td>
    <td>0</td>
    <td>1</td>
    <td><a href="javascript:showClassDetail('c21',1)">Detail</a></td>
</tr>

<tr id='ft21.1' class='none'>
    <td class='errorCase'><div class='testcase'>test_set_administrator: è®¾ç½®ç¾¤ç»„ç®¡ç†å‘˜</div></td>
    <td colspan='5' align='center'>

    <!--css div popup start-->
    <a class="popup_link" onfocus='this.blur();' href="javascript:showTestDetail('div_ft21.1')" >
        error</a>

    <div id='div_ft21.1' class="popup_window">
        <div style='text-align: right; color:red;cursor:pointer'>
        <a onfocus='this.blur();' onclick="document.getElementById('div_ft21.1').style.display = 'none' " >
           [x]</a>
        </div>
        <pre>
        
ft21.1: Traceback (most recent call last):
  File "E:\workspace\IM5.4.0_timing\test_d_set0_administrator.py", line 36, in test_set_administrator
    driver.find_element_by_name(member).click()#Ã§Â‚Â¹Ã¥Â‡Â»Ã¦ÂˆÂÃ¥Â‘Â˜
  File "C:\Python27\lib\site-packages\selenium\webdriver\remote\webdriver.py", line 381, in find_element_by_name
    return self.find_element(by=By.NAME, value=name)
  File "C:\Python27\lib\site-packages\selenium\webdriver\remote\webdriver.py", line 787, in find_element
    'value': value})['value']
  File "C:\Python27\lib\site-packages\selenium\webdriver\remote\webdriver.py", line 252, in execute
    self.error_handler.check_response(response)
  File "C:\Python27\lib\site-packages\appium\webdriver\errorhandler.py", line 29, in check_response
    raise wde
NoSuchElementException: Message: An element could not be located on the page using the given search parameters.



        </pre>
    </div>
    <!--css div popup end-->

    </td>
</tr>

<tr class='errorClass'>
    <td>test_d_set1_adminkick.Imtest</td>
    <td>1</td>
    <td>0</td>
    <td>0</td>
    <td>1</td>
    <td><a href="javascript:showClassDetail('c22',1)">Detail</a></td>
</tr>

<tr id='ft22.1' class='none'>
    <td class='errorCase'><div class='testcase'>test_creategroup: ç¾¤ç»„ç®¡ç†å‘˜è¸¢å‡ºç¾¤æˆå‘˜</div></td>
    <td colspan='5' align='center'>

    <!--css div popup start-->
    <a class="popup_link" onfocus='this.blur();' href="javascript:showTestDetail('div_ft22.1')" >
        error</a>

    <div id='div_ft22.1' class="popup_window">
        <div style='text-align: right; color:red;cursor:pointer'>
        <a onfocus='this.blur();' onclick="document.getElementById('div_ft22.1').style.display = 'none' " >
           [x]</a>
        </div>
        <pre>
        
ft22.1: å·²ç»åˆ é™¤å¯¹è¯åç§°ä¸ºâ€œç³»ç»Ÿé€šçŸ¥â€çš„å†å²æ¶ˆæ¯
Traceback (most recent call last):
  File "E:\workspace\IM5.4.0_timing\test_d_set1_adminkick.py", line 33, in test_creategroup
    driver.find_element_by_xpath("//android.widget.FrameLayout[5]//android.widget.TextView").click()#Ã§Â‚Â¹Ã¥Â‡Â»-Ã¥ÂÂ·
  File "C:\Python27\lib\site-packages\selenium\webdriver\remote\webdriver.py", line 309, in find_element_by_xpath
    return self.find_element(by=By.XPATH, value=xpath)
  File "C:\Python27\lib\site-packages\selenium\webdriver\remote\webdriver.py", line 787, in find_element
    'value': value})['value']
  File "C:\Python27\lib\site-packages\selenium\webdriver\remote\webdriver.py", line 252, in execute
    self.error_handler.check_response(response)
  File "C:\Python27\lib\site-packages\appium\webdriver\errorhandler.py", line 29, in check_response
    raise wde
NoSuchElementException: Message: An element could not be located on the page using the given search parameters.



        </pre>
    </div>
    <!--css div popup end-->

    </td>
</tr>

<tr class='errorClass'>
    <td>test_d_set2_joingroup.Imtest</td>
    <td>1</td>
    <td>0</td>
    <td>0</td>
    <td>1</td>
    <td><a href="javascript:showClassDetail('c23',1)">Detail</a></td>
</tr>

<tr id='ft23.1' class='none'>
    <td class='errorCase'><div class='testcase'>test_creategroup: é€šè¿‡åç§°æ¨¡ç³ŠæŸ¥è¯¢æœç´¢ç¾¤ç»„å¹¶åŠ å…¥</div></td>
    <td colspan='5' align='center'>

    <!--css div popup start-->
    <a class="popup_link" onfocus='this.blur();' href="javascript:showTestDetail('div_ft23.1')" >
        error</a>

    <div id='div_ft23.1' class="popup_window">
        <div style='text-align: right; color:red;cursor:pointer'>
        <a onfocus='this.blur();' onclick="document.getElementById('div_ft23.1').style.display = 'none' " >
           [x]</a>
        </div>
        <pre>
        
ft23.1: Ã©Â€Â€Ã¥Â‡ÂºÃ§Â™Â»Ã¥Â½Â•
1
Ã§Â‚Â¹Ã¥Â‡Â»Ã§Â™Â»Ã©Â™Â†Ã¥Â¹Â¶Ã§Â­Â‰Ã¥Â¾Â…Ã¤ÂºÂ†2Ã§Â§Â’
2
Ã¨Â´Â¦Ã¥ÂÂ·13683353775Ã¥Â·Â²Ã§Â»ÂÃ§Â™Â»Ã¥Â½Â•
Ã¨Â¢Â«Ã¨Â¸Â¢Ã¥Â‡ÂºÃ¦ÂˆÂÃ¥Â‘Â˜Ã§Â™Â»Ã¥Â½Â•
gg80198283629
Traceback (most recent call last):
  File "E:\workspace\IM5.4.0_timing\test_d_set2_joingroup.py", line 44, in test_creategroup
    driver.find_element_by_id("com.yuntongxun.eckuailiao:id/red_btn").click()#Ã§Â‚Â¹Ã¥Â‡Â»Ã§Â”Â³Ã¨Â¯Â·Ã¥ÂŠÂ Ã¥Â…Â¥
  File "C:\Python27\lib\site-packages\selenium\webdriver\remote\webdriver.py", line 285, in find_element_by_id
    return self.find_element(by=By.ID, value=id_)
  File "C:\Python27\lib\site-packages\selenium\webdriver\remote\webdriver.py", line 787, in find_element
    'value': value})['value']
  File "C:\Python27\lib\site-packages\selenium\webdriver\remote\webdriver.py", line 252, in execute
    self.error_handler.check_response(response)
  File "C:\Python27\lib\site-packages\appium\webdriver\errorhandler.py", line 29, in check_response
    raise wde
NoSuchElementException: Message: An element could not be located on the page using the given search parameters.



        </pre>
    </div>
    <!--css div popup end-->

    </td>
</tr>

<tr class='errorClass'>
    <td>test_d_set3_adminban.Imtest</td>
    <td>1</td>
    <td>0</td>
    <td>0</td>
    <td>1</td>
    <td><a href="javascript:showClassDetail('c24',1)">Detail</a></td>
</tr>

<tr id='ft24.1' class='none'>
    <td class='errorCase'><div class='testcase'>test_group_ban: ç®¡ç†å‘˜è®¾ç½®ç¾¤æˆå‘˜ç¦è¨€</div></td>
    <td colspan='5' align='center'>

    <!--css div popup start-->
    <a class="popup_link" onfocus='this.blur();' href="javascript:showTestDetail('div_ft24.1')" >
        error</a>

    <div id='div_ft24.1' class="popup_window">
        <div style='text-align: right; color:red;cursor:pointer'>
        <a onfocus='this.blur();' onclick="document.getElementById('div_ft24.1').style.display = 'none' " >
           [x]</a>
        </div>
        <pre>
        
ft24.1: Traceback (most recent call last):
  File "E:\workspace\IM5.4.0_timing\test_d_set3_adminban.py", line 33, in test_group_ban
    driver.find_element_by_name(u"Ã¨Â®Â¾Ã§Â½Â®Ã§Â¾Â¤Ã¥Â†Â…Ã§Â¦ÂÃ¨Â¨Â€").click()#Ã§Â‚Â¹Ã¥Â‡Â»Ã¨Â®Â¾Ã§Â½Â®Ã§Â¾Â¤Ã¥Â†Â…Ã§Â¦ÂÃ¨Â¨Â€
  File "C:\Python27\lib\site-packages\selenium\webdriver\remote\webdriver.py", line 381, in find_element_by_name
    return self.find_element(by=By.NAME, value=name)
  File "C:\Python27\lib\site-packages\selenium\webdriver\remote\webdriver.py", line 787, in find_element
    'value': value})['value']
  File "C:\Python27\lib\site-packages\selenium\webdriver\remote\webdriver.py", line 252, in execute
    self.error_handler.check_response(response)
  File "C:\Python27\lib\site-packages\appium\webdriver\errorhandler.py", line 29, in check_response
    raise wde
NoSuchElementException: Message: An element could not be located on the page using the given search parameters.



        </pre>
    </div>
    <!--css div popup end-->

    </td>
</tr>

<tr class='errorClass'>
    <td>test_d_set4_adminunban.Imtest</td>
    <td>1</td>
    <td>0</td>
    <td>0</td>
    <td>1</td>
    <td><a href="javascript:showClassDetail('c25',1)">Detail</a></td>
</tr>

<tr id='ft25.1' class='none'>
    <td class='errorCase'><div class='testcase'>test_group_unban: ç®¡ç†å‘˜è®¾ç½®è¢«ç¦è¨€ç¾¤æˆå‘˜è§£é™¤ç¦è¨€</div></td>
    <td colspan='5' align='center'>

    <!--css div popup start-->
    <a class="popup_link" onfocus='this.blur();' href="javascript:showTestDetail('div_ft25.1')" >
        error</a>

    <div id='div_ft25.1' class="popup_window">
        <div style='text-align: right; color:red;cursor:pointer'>
        <a onfocus='this.blur();' onclick="document.getElementById('div_ft25.1').style.display = 'none' " >
           [x]</a>
        </div>
        <pre>
        
ft25.1: Ã©Â€Â€Ã¥Â‡ÂºÃ§Â™Â»Ã¥Â½Â•
1
Ã§Â‚Â¹Ã¥Â‡Â»Ã§Â™Â»Ã©Â™Â†Ã¥Â¹Â¶Ã§Â­Â‰Ã¥Â¾Â…Ã¤ÂºÂ†2Ã§Â§Â’
2
Ã¨Â´Â¦Ã¥ÂÂ·13366778604Ã¥Â·Â²Ã§Â»ÂÃ§Â™Â»Ã¥Â½Â•
Traceback (most recent call last):
  File "E:\workspace\IM5.4.0_timing\test_d_set4_adminunban.py", line 32, in test_group_unban
    driver.find_element_by_id("com.yuntongxun.eckuailiao:id/group_name").click()#Ã§Â‚Â¹Ã¥Â‡Â»Ã§Â¾Â¤Ã§Â»Â„id,Ã¤Â»Â¥Ã¥ÂÂÃ¦Â”Â¹Ã¤Â¸ÂºÃ¨Â¯Â»Ã¥ÂÂ–Ã¤Â¸ÂŠÃ¤Â¸Â€Ã¦ÂÂ¡Ã§Â”Â¨Ã¤Â¾Â‹Ã¥ÂˆÂ›Ã¥Â»ÂºÃ§Â¾Â¤Ã§Â»Â„Ã§ÂšÂ„id
  File "C:\Python27\lib\site-packages\selenium\webdriver\remote\webdriver.py", line 285, in find_element_by_id
    return self.find_element(by=By.ID, value=id_)
  File "C:\Python27\lib\site-packages\selenium\webdriver\remote\webdriver.py", line 787, in find_element
    'value': value})['value']
  File "C:\Python27\lib\site-packages\selenium\webdriver\remote\webdriver.py", line 252, in execute
    self.error_handler.check_response(response)
  File "C:\Python27\lib\site-packages\appium\webdriver\errorhandler.py", line 29, in check_response
    raise wde
NoSuchElementException: Message: An element could not be located on the page using the given search parameters.



        </pre>
    </div>
    <!--css div popup end-->

    </td>
</tr>

<tr class='errorClass'>
    <td>test_d_set5_memberquit.Imtest</td>
    <td>1</td>
    <td>0</td>
    <td>0</td>
    <td>1</td>
    <td><a href="javascript:showClassDetail('c26',1)">Detail</a></td>
</tr>

<tr id='ft26.1' class='none'>
    <td class='errorCase'><div class='testcase'>test_group_unban: è¢«ç¦è¨€ç¾¤æˆå‘˜é€€å‡ºç¾¤ç»„</div></td>
    <td colspan='5' align='center'>

    <!--css div popup start-->
    <a class="popup_link" onfocus='this.blur();' href="javascript:showTestDetail('div_ft26.1')" >
        error</a>

    <div id='div_ft26.1' class="popup_window">
        <div style='text-align: right; color:red;cursor:pointer'>
        <a onfocus='this.blur();' onclick="document.getElementById('div_ft26.1').style.display = 'none' " >
           [x]</a>
        </div>
        <pre>
        
ft26.1: Traceback (most recent call last):
  File "E:\workspace\IM5.4.0_timing\test_d_set5_memberquit.py", line 29, in test_group_unban
    driver.find_element_by_id("com.yuntongxun.eckuailiao:id/group_name").click()#Ã§Â‚Â¹Ã¥Â‡Â»Ã§Â¾Â¤Ã§Â»Â„id,Ã¤Â»Â¥Ã¥ÂÂÃ¦Â”Â¹Ã¤Â¸ÂºÃ¨Â¯Â»Ã¥ÂÂ–Ã¤Â¸ÂŠÃ¤Â¸Â€Ã¦ÂÂ¡Ã§Â”Â¨Ã¤Â¾Â‹Ã¥ÂˆÂ›Ã¥Â»ÂºÃ§Â¾Â¤Ã§Â»Â„Ã§ÂšÂ„id
  File "C:\Python27\lib\site-packages\selenium\webdriver\remote\webdriver.py", line 285, in find_element_by_id
    return self.find_element(by=By.ID, value=id_)
  File "C:\Python27\lib\site-packages\selenium\webdriver\remote\webdriver.py", line 787, in find_element
    'value': value})['value']
  File "C:\Python27\lib\site-packages\selenium\webdriver\remote\webdriver.py", line 252, in execute
    self.error_handler.check_response(response)
  File "C:\Python27\lib\site-packages\appium\webdriver\errorhandler.py", line 29, in check_response
    raise wde
NoSuchElementException: Message: An element could not be located on the page using the given search parameters.



        </pre>
    </div>
    <!--css div popup end-->

    </td>
</tr>

<tr class='failClass'>
    <td>test_d_set6_idjoin.Imtest</td>
    <td>1</td>
    <td>0</td>
    <td>1</td>
    <td>0</td>
    <td><a href="javascript:showClassDetail('c27',1)">Detail</a></td>
</tr>

<tr id='ft27.1' class='none'>
    <td class='failCase'><div class='testcase'>test_creategroup: é€šè¿‡ç¾¤ç»„IDæœç´¢ç¾¤ç»„å¹¶åŠ å…¥</div></td>
    <td colspan='5' align='center'>

    <!--css div popup start-->
    <a class="popup_link" onfocus='this.blur();' href="javascript:showTestDetail('div_ft27.1')" >
        fail</a>

    <div id='div_ft27.1' class="popup_window">
        <div style='text-align: right; color:red;cursor:pointer'>
        <a onfocus='this.blur();' onclick="document.getElementById('div_ft27.1').style.display = 'none' " >
           [x]</a>
        </div>
        <pre>
        
ft27.1: Ã©Â€Â€Ã¥Â‡ÂºÃ§Â™Â»Ã¥Â½Â•
1
Ã§Â‚Â¹Ã¥Â‡Â»Ã§Â™Â»Ã©Â™Â†Ã¥Â¹Â¶Ã§Â­Â‰Ã¥Â¾Â…Ã¤ÂºÂ†2Ã§Â§Â’
2
Ã¨Â´Â¦Ã¥ÂÂ·13311267857Ã¥Â·Â²Ã§Â»ÂÃ§Â™Â»Ã¥Â½Â•
Traceback (most recent call last):
  File "E:\workspace\IM5.4.0_timing\test_d_set6_idjoin.py", line 53, in test_creategroup
    assert_equal(el,u"Ã§Â®Â¡Ã§ÂÂ†Ã¥Â‘Â˜Ã©Â€ÂšÃ¨Â¿Â‡Ã¤ÂºÂ†[Ã¤Â¿Â®Ã¦ÂœÂˆ]Ã§ÂšÂ„Ã¥ÂŠÂ Ã§Â¾Â¤Ã¨Â¯Â·Ã¦Â±Â‚",msg=u"Ã§Â³Â»Ã§Â»ÂŸÃ©Â€ÂšÃ§ÂŸÂ¥Ã©ÂªÂŒÃ¨Â¯ÂÃ¥Â¤Â±Ã¨Â´Â¥")
  File "C:\Python27\lib\site-packages\robot\utils\asserts.py", line 182, in assert_equal
    _report_inequality_failure(first, second, msg, values, '!=')
  File "C:\Python27\lib\site-packages\robot\utils\asserts.py", line 230, in _report_inequality_failure
    raise AssertionError(msg)
AssertionError: Ã§Â³Â»Ã§Â»ÂŸÃ©Â€ÂšÃ§ÂŸÂ¥Ã©ÂªÂŒÃ¨Â¯ÂÃ¥Â¤Â±Ã¨Â´Â¥: Ã§Â®Â¡Ã§ÂÂ†Ã¥Â‘Â˜Ã©Â€ÂšÃ¨Â¿Â‡Ã¤ÂºÂ†[Ã¦Â¸Â©Ã¥Â¼Âº]Ã§ÂšÂ„Ã¥ÂŠÂ Ã§Â¾Â¤Ã¨Â¯Â·Ã¦Â±Â‚ != Ã§Â®Â¡Ã§ÂÂ†Ã¥Â‘Â˜Ã©Â€ÂšÃ¨Â¿Â‡Ã¤ÂºÂ†[Ã¤Â¿Â®Ã¦ÂœÂˆ]Ã§ÂšÂ„Ã¥ÂŠÂ Ã§Â¾Â¤Ã¨Â¯Â·Ã¦Â±Â‚


        </pre>
    </div>
    <!--css div popup end-->

    </td>
</tr>

<tr class='failClass'>
    <td>test_d_set7_atmassage.Imtest</td>
    <td>1</td>
    <td>0</td>
    <td>1</td>
    <td>0</td>
    <td><a href="javascript:showClassDetail('c28',1)">Detail</a></td>
</tr>

<tr id='ft28.1' class='none'>
    <td class='failCase'><div class='testcase'>test_group_unban: ç¾¤æˆå‘˜å‘é€@æ¶ˆæ¯</div></td>
    <td colspan='5' align='center'>

    <!--css div popup start-->
    <a class="popup_link" onfocus='this.blur();' href="javascript:showTestDetail('div_ft28.1')" >
        fail</a>

    <div id='div_ft28.1' class="popup_window">
        <div style='text-align: right; color:red;cursor:pointer'>
        <a onfocus='this.blur();' onclick="document.getElementById('div_ft28.1').style.display = 'none' " >
           [x]</a>
        </div>
        <pre>
        
ft28.1: å·²ç»åˆ é™¤å¯¹è¯åç§°ä¸ºâ€œgroupname1â€çš„å†å²æ¶ˆæ¯
å·²ç»åˆ é™¤å¯¹è¯åç§°ä¸ºâ€œç³»ç»Ÿé€šçŸ¥â€çš„å†å²æ¶ˆæ¯
é€€å‡ºç™»å½•
1
ç‚¹å‡»ç™»é™†å¹¶ç­‰å¾…äº†2ç§’
2
è´¦å·13683353775å·²ç»ç™»å½•
å·²ç»åˆ é™¤å¯¹è¯åç§°ä¸ºâ€œç³»ç»Ÿé€šçŸ¥â€çš„å†å²æ¶ˆæ¯
Traceback (most recent call last):
  File "E:\workspace\IM5.4.0_timing\test_d_set7_atmassage.py", line 48, in test_group_unban
    assert_equal(el,u"[Ã¦ÂœÂ‰Ã¤ÂºÂº@Ã¦ÂˆÂ‘]Ã§ÂÂƒÃ§ÂÂƒ: @Ã¤Â¿Â®Ã¦ÂœÂˆÃ¢Â€Â…",msg=u'@Ã¦Â¶ÂˆÃ¦ÂÂ¯Ã©ÂªÂŒÃ¨Â¯ÂÃ¥Â¤Â±Ã¨Â´Â¥')
  File "C:\Python27\lib\site-packages\robot\utils\asserts.py", line 182, in assert_equal
    _report_inequality_failure(first, second, msg, values, '!=')
  File "C:\Python27\lib\site-packages\robot\utils\asserts.py", line 230, in _report_inequality_failure
    raise AssertionError(msg)
AssertionError: @Ã¦Â¶ÂˆÃ¦ÂÂ¯Ã©ÂªÂŒÃ¨Â¯ÂÃ¥Â¤Â±Ã¨Â´Â¥: jbvubu != [Ã¦ÂœÂ‰Ã¤ÂºÂº@Ã¦ÂˆÂ‘]Ã§ÂÂƒÃ§ÂÂƒ: @Ã¤Â¿Â®Ã¦ÂœÂˆÃ¢Â€Â…


        </pre>
    </div>
    <!--css div popup end-->

    </td>
</tr>

<tr class='failClass'>
    <td>test_e_send0_txtmassage.Imtest</td>
    <td>1</td>
    <td>0</td>
    <td>1</td>
    <td>0</td>
    <td><a href="javascript:showClassDetail('c29',1)">Detail</a></td>
</tr>

<tr id='ft29.1' class='none'>
    <td class='failCase'><div class='testcase'>test_send_txtmassage: ç¾¤æˆå‘˜å‘é€æ–‡æœ¬æ¶ˆæ¯</div></td>
    <td colspan='5' align='center'>

    <!--css div popup start-->
    <a class="popup_link" onfocus='this.blur();' href="javascript:showTestDetail('div_ft29.1')" >
        fail</a>

    <div id='div_ft29.1' class="popup_window">
        <div style='text-align: right; color:red;cursor:pointer'>
        <a onfocus='this.blur();' onclick="document.getElementById('div_ft29.1').style.display = 'none' " >
           [x]</a>
        </div>
        <pre>
        
ft29.1: å·²ç»åˆ é™¤å¯¹è¯åç§°ä¸ºâ€œgroupname1â€çš„å†å²æ¶ˆæ¯
å·²ç»åˆ é™¤å¯¹è¯åç§°ä¸ºâ€œç³»ç»Ÿé€šçŸ¥â€çš„å†å²æ¶ˆæ¯
Traceback (most recent call last):
  File "E:\workspace\IM5.4.0_timing\test_e_send0_txtmassage.py", line 39, in test_send_txtmassage
    assert_equal(el,u"!#$%^&amp;*()_+-=[]{}\;:/,&lt;&gt;",msg=u'Ã¦Â¶ÂˆÃ¦ÂÂ¯Ã©ÂªÂŒÃ¨Â¯ÂÃ¥Â¤Â±Ã¨Â´Â¥')
  File "C:\Python27\lib\site-packages\robot\utils\asserts.py", line 182, in assert_equal
    _report_inequality_failure(first, second, msg, values, '!=')
  File "C:\Python27\lib\site-packages\robot\utils\asserts.py", line 230, in _report_inequality_failure
    raise AssertionError(msg)
AssertionError: Ã¦Â¶ÂˆÃ¦ÂÂ¯Ã©ÂªÂŒÃ¨Â¯ÂÃ¥Â¤Â±Ã¨Â´Â¥: hello != !#$%^&amp;*()_+-=[]{}\;:/,&lt;&gt;


        </pre>
    </div>
    <!--css div popup end-->

    </td>
</tr>

<tr class='failClass'>
    <td>test_e_send1_txt200.Imtest</td>
    <td>1</td>
    <td>0</td>
    <td>1</td>
    <td>0</td>
    <td><a href="javascript:showClassDetail('c30',1)">Detail</a></td>
</tr>

<tr id='ft30.1' class='none'>
    <td class='failCase'><div class='testcase'>test_send_txt200: ç¾¤æˆå‘˜å‘é€æ–‡æœ¬æ¶ˆæ¯</div></td>
    <td colspan='5' align='center'>

    <!--css div popup start-->
    <a class="popup_link" onfocus='this.blur();' href="javascript:showTestDetail('div_ft30.1')" >
        fail</a>

    <div id='div_ft30.1' class="popup_window">
        <div style='text-align: right; color:red;cursor:pointer'>
        <a onfocus='this.blur();' onclick="document.getElementById('div_ft30.1').style.display = 'none' " >
           [x]</a>
        </div>
        <pre>
        
ft30.1: å·²ç»åˆ é™¤å¯¹è¯åç§°ä¸ºâ€œgroupname1â€çš„å†å²æ¶ˆæ¯
å·²ç»åˆ é™¤å¯¹è¯åç§°ä¸ºâ€œç³»ç»Ÿé€šçŸ¥â€çš„å†å²æ¶ˆæ¯
Traceback (most recent call last):
  File "E:\workspace\IM5.4.0_timing\test_e_send1_txt200.py", line 41, in test_send_txt200
    assert_equal(el,text200,msg=u'Ã¦Â¶ÂˆÃ¦ÂÂ¯Ã©ÂªÂŒÃ¨Â¯ÂÃ¥Â¤Â±Ã¨Â´Â¥')
  File "C:\Python27\lib\site-packages\robot\utils\asserts.py", line 182, in assert_equal
    _report_inequality_failure(first, second, msg, values, '!=')
  File "C:\Python27\lib\site-packages\robot\utils\asserts.py", line 230, in _report_inequality_failure
    raise AssertionError(msg)
AssertionError: Ã¦Â¶ÂˆÃ¦ÂÂ¯Ã©ÂªÂŒÃ¨Â¯ÂÃ¥Â¤Â±Ã¨Â´Â¥: !#$%^&amp;*()_+-=[]{}\;:/,&lt;&gt; != aaaaaaaaaaaaaaaaaaaaaaaaaaaaaaaaaaaaaaaaaaaaaaaaaaaaaaaaaaaaaaaaaaaaaaaaaaaaaaaaaaaaaaaaaaaaaaaaaaaaaaaaaaaaaaaaaaaaaaaaaaaaaaaaaaaaaaaaaaaaaaaaaaaaaaaaaaaaaaaaaaaaaaaaaaaaaaaaaaaaaaaaaaaaaaaaaaaaaaaaa


        </pre>
    </div>
    <!--css div popup end-->

    </td>
</tr>

<tr class='failClass'>
    <td>test_e_send2_expression.Imtest</td>
    <td>1</td>
    <td>0</td>
    <td>1</td>
    <td>0</td>
    <td><a href="javascript:showClassDetail('c31',1)">Detail</a></td>
</tr>

<tr id='ft31.1' class='none'>
    <td class='failCase'><div class='testcase'>test_send_expression: ç¾¤æˆå‘˜å‘é€è¡¨æƒ…æ¶ˆæ¯</div></td>
    <td colspan='5' align='center'>

    <!--css div popup start-->
    <a class="popup_link" onfocus='this.blur();' href="javascript:showTestDetail('div_ft31.1')" >
        fail</a>

    <div id='div_ft31.1' class="popup_window">
        <div style='text-align: right; color:red;cursor:pointer'>
        <a onfocus='this.blur();' onclick="document.getElementById('div_ft31.1').style.display = 'none' " >
           [x]</a>
        </div>
        <pre>
        
ft31.1: å·²ç»åˆ é™¤å¯¹è¯åç§°ä¸ºâ€œgroupname1â€çš„å†å²æ¶ˆæ¯
å·²ç»åˆ é™¤å¯¹è¯åç§°ä¸ºâ€œç³»ç»Ÿé€šçŸ¥â€çš„å†å²æ¶ˆæ¯
Traceback (most recent call last):
  File "E:\workspace\IM5.4.0_timing\test_e_send2_expression.py", line 43, in test_send_expression
    assert_equal(el,"Ã°ÂŸÂ˜Â„",msg=u'Ã¦Â¶ÂˆÃ¦ÂÂ¯Ã©ÂªÂŒÃ¨Â¯ÂÃ¥Â¤Â±Ã¨Â´Â¥')
  File "C:\Python27\lib\site-packages\robot\utils\asserts.py", line 182, in assert_equal
    _report_inequality_failure(first, second, msg, values, '!=')
  File "C:\Python27\lib\site-packages\robot\utils\asserts.py", line 230, in _report_inequality_failure
    raise AssertionError(msg)
AssertionError: Ã¦Â¶ÂˆÃ¦ÂÂ¯Ã©ÂªÂŒÃ¨Â¯ÂÃ¥Â¤Â±Ã¨Â´Â¥: aaaaaaaaaaaaaaaaaaaaaaaaaaaaaaaaaaaaaaaaaaaaaaaaaaaaaaaaaaaaaaaaaaaaaaaaaaaaaaaaaaaaaaaaaaaaaaaaaaaaaaaaaaaaaaaaaaaaaaaaaaaaaaaaaaaaaaaaaaaaaaaaaaaaaaaaaaaaaaaaaaaaaaaaaaaaaaaaaaaaaaaaaaaaaaaaaaaaaaaaa != \xf0\x9f\x98\x84


        </pre>
    </div>
    <!--css div popup end-->

    </td>
</tr>

<tr class='failClass'>
    <td>test_e_send3_voice.Imtest</td>
    <td>1</td>
    <td>0</td>
    <td>1</td>
    <td>0</td>
    <td><a href="javascript:showClassDetail('c32',1)">Detail</a></td>
</tr>

<tr id='ft32.1' class='none'>
    <td class='failCase'><div class='testcase'>test_send_voice: ç¾¤æˆå‘˜å‘é€è¯­éŸ³æ¶ˆæ¯</div></td>
    <td colspan='5' align='center'>

    <!--css div popup start-->
    <a class="popup_link" onfocus='this.blur();' href="javascript:showTestDetail('div_ft32.1')" >
        fail</a>

    <div id='div_ft32.1' class="popup_window">
        <div style='text-align: right; color:red;cursor:pointer'>
        <a onfocus='this.blur();' onclick="document.getElementById('div_ft32.1').style.display = 'none' " >
           [x]</a>
        </div>
        <pre>
        
ft32.1: å·²ç»åˆ é™¤å¯¹è¯åç§°ä¸ºâ€œgroupname1â€çš„å†å²æ¶ˆæ¯
å·²ç»åˆ é™¤å¯¹è¯åç§°ä¸ºâ€œç³»ç»Ÿé€šçŸ¥â€çš„å†å²æ¶ˆæ¯
Traceback (most recent call last):
  File "E:\workspace\IM5.4.0_timing\test_e_send3_voice.py", line 40, in test_send_voice
    assert_equal(el, u"Ã¥Â·Â²Ã¨Â¯Â»", msg=u"Ã§ÂŠÂ¶Ã¦Â€ÂÃ©ÂªÂŒÃ¨Â¯ÂÃ¥Â¤Â±Ã¨Â´Â¥")
  File "C:\Python27\lib\site-packages\robot\utils\asserts.py", line 182, in assert_equal
    _report_inequality_failure(first, second, msg, values, '!=')
  File "C:\Python27\lib\site-packages\robot\utils\asserts.py", line 230, in _report_inequality_failure
    raise AssertionError(msg)
AssertionError: Ã§ÂŠÂ¶Ã¦Â€ÂÃ©ÂªÂŒÃ¨Â¯ÂÃ¥Â¤Â±Ã¨Â´Â¥: Ã¦ÂœÂªÃ¨Â¯Â» != Ã¥Â·Â²Ã¨Â¯Â»


        </pre>
    </div>
    <!--css div popup end-->

    </td>
</tr>

<tr class='errorClass'>
    <td>test_e_send4_picture.Imtest</td>
    <td>1</td>
    <td>0</td>
    <td>0</td>
    <td>1</td>
    <td><a href="javascript:showClassDetail('c33',1)">Detail</a></td>
</tr>

<tr id='ft33.1' class='none'>
    <td class='errorCase'><div class='testcase'>test_send_picture: ç¾¤æˆå‘˜å‘é€å›¾ç‰‡æ¶ˆæ¯</div></td>
    <td colspan='5' align='center'>

    <!--css div popup start-->
    <a class="popup_link" onfocus='this.blur();' href="javascript:showTestDetail('div_ft33.1')" >
        error</a>

    <div id='div_ft33.1' class="popup_window">
        <div style='text-align: right; color:red;cursor:pointer'>
        <a onfocus='this.blur();' onclick="document.getElementById('div_ft33.1').style.display = 'none' " >
           [x]</a>
        </div>
        <pre>
        
ft33.1: å·²ç»åˆ é™¤å¯¹è¯åç§°ä¸ºâ€œgroupname1â€çš„å†å²æ¶ˆæ¯
å·²ç»åˆ é™¤å¯¹è¯åç§°ä¸ºâ€œç³»ç»Ÿé€šçŸ¥â€çš„å†å²æ¶ˆæ¯
Start : Thu Dec 21 03:46:56 2017
Stop : Thu Dec 21 03:47:01 2017
Traceback (most recent call last):
  File "E:\workspace\IM5.4.0_timing\test_e_send4_picture.py", line 50, in test_send_picture
    self.driver.find_element_by_name(u"Ã¥ÂˆÂ Ã©Â™Â¤").click()
  File "C:\Python27\lib\site-packages\selenium\webdriver\remote\webdriver.py", line 381, in find_element_by_name
    return self.find_element(by=By.NAME, value=name)
  File "C:\Python27\lib\site-packages\selenium\webdriver\remote\webdriver.py", line 787, in find_element
    'value': value})['value']
  File "C:\Python27\lib\site-packages\selenium\webdriver\remote\webdriver.py", line 252, in execute
    self.error_handler.check_response(response)
  File "C:\Python27\lib\site-packages\appium\webdriver\errorhandler.py", line 29, in check_response
    raise wde
NoSuchElementException: Message: An element could not be located on the page using the given search parameters.



        </pre>
    </div>
    <!--css div popup end-->

    </td>
</tr>

<tr class='failClass'>
    <td>test_e_send5_video.Imtest</td>
    <td>1</td>
    <td>0</td>
    <td>1</td>
    <td>0</td>
    <td><a href="javascript:showClassDetail('c34',1)">Detail</a></td>
</tr>

<tr id='ft34.1' class='none'>
    <td class='failCase'><div class='testcase'>test_send_video: ç¾¤æˆå‘˜å‘é€å›¾ç‰‡æ¶ˆæ¯</div></td>
    <td colspan='5' align='center'>

    <!--css div popup start-->
    <a class="popup_link" onfocus='this.blur();' href="javascript:showTestDetail('div_ft34.1')" >
        fail</a>

    <div id='div_ft34.1' class="popup_window">
        <div style='text-align: right; color:red;cursor:pointer'>
        <a onfocus='this.blur();' onclick="document.getElementById('div_ft34.1').style.display = 'none' " >
           [x]</a>
        </div>
        <pre>
        
ft34.1: å·²ç»åˆ é™¤å¯¹è¯åç§°ä¸ºâ€œgroupname1â€çš„å†å²æ¶ˆæ¯
å·²ç»åˆ é™¤å¯¹è¯åç§°ä¸ºâ€œç³»ç»Ÿé€šçŸ¥â€çš„å†å²æ¶ˆæ¯
Traceback (most recent call last):
  File "E:\workspace\IM5.4.0_timing\test_e_send5_video.py", line 44, in test_send_video
    assert_equal(el, u"Ã¥Â·Â²Ã¨Â¯Â»", msg=u"Ã§ÂŠÂ¶Ã¦Â€ÂÃ©ÂªÂŒÃ¨Â¯ÂÃ¥Â¤Â±Ã¨Â´Â¥")
  File "C:\Python27\lib\site-packages\robot\utils\asserts.py", line 182, in assert_equal
    _report_inequality_failure(first, second, msg, values, '!=')
  File "C:\Python27\lib\site-packages\robot\utils\asserts.py", line 230, in _report_inequality_failure
    raise AssertionError(msg)
AssertionError: Ã§ÂŠÂ¶Ã¦Â€ÂÃ©ÂªÂŒÃ¨Â¯ÂÃ¥Â¤Â±Ã¨Â´Â¥: Ã¦ÂœÂªÃ¨Â¯Â» != Ã¥Â·Â²Ã¨Â¯Â»


        </pre>
    </div>
    <!--css div popup end-->

    </td>
</tr>

<tr class='errorClass'>
    <td>test_f_atransfer_group.Imtest</td>
    <td>1</td>
    <td>0</td>
    <td>0</td>
    <td>1</td>
    <td><a href="javascript:showClassDetail('c35',1)">Detail</a></td>
</tr>

<tr id='ft35.1' class='none'>
    <td class='errorCase'><div class='testcase'>test_group_dissolve: è½¬è®©ç¾¤ç»„</div></td>
    <td colspan='5' align='center'>

    <!--css div popup start-->
    <a class="popup_link" onfocus='this.blur();' href="javascript:showTestDetail('div_ft35.1')" >
        error</a>

    <div id='div_ft35.1' class="popup_window">
        <div style='text-align: right; color:red;cursor:pointer'>
        <a onfocus='this.blur();' onclick="document.getElementById('div_ft35.1').style.display = 'none' " >
           [x]</a>
        </div>
        <pre>
        
ft35.1: Traceback (most recent call last):
  File "E:\workspace\IM5.4.0_timing\test_f_atransfer_group.py", line 36, in test_group_dissolve
    driver.find_element_by_name(u"Ã¨Â½Â¬Ã¨Â®Â©Ã§Â¾Â¤Ã§Â»Â„").click()#Ã§Â‚Â¹Ã¥Â‡Â»Ã¨Â½Â¬Ã¨Â®Â©
  File "C:\Python27\lib\site-packages\selenium\webdriver\remote\webdriver.py", line 381, in find_element_by_name
    return self.find_element(by=By.NAME, value=name)
  File "C:\Python27\lib\site-packages\selenium\webdriver\remote\webdriver.py", line 787, in find_element
    'value': value})['value']
  File "C:\Python27\lib\site-packages\selenium\webdriver\remote\webdriver.py", line 252, in execute
    self.error_handler.check_response(response)
  File "C:\Python27\lib\site-packages\appium\webdriver\errorhandler.py", line 29, in check_response
    raise wde
NoSuchElementException: Message: An element could not be located on the page using the given search parameters.



        </pre>
    </div>
    <!--css div popup end-->

    </td>
</tr>

<tr class='errorClass'>
    <td>test_f_dissolve_group.Imtest</td>
    <td>1</td>
    <td>0</td>
    <td>0</td>
    <td>1</td>
    <td><a href="javascript:showClassDetail('c36',1)">Detail</a></td>
</tr>

<tr id='ft36.1' class='none'>
    <td class='errorCase'><div class='testcase'>test_group_dissolve: è§£æ•£ç¾¤ç»„</div></td>
    <td colspan='5' align='center'>

    <!--css div popup start-->
    <a class="popup_link" onfocus='this.blur();' href="javascript:showTestDetail('div_ft36.1')" >
        error</a>

    <div id='div_ft36.1' class="popup_window">
        <div style='text-align: right; color:red;cursor:pointer'>
        <a onfocus='this.blur();' onclick="document.getElementById('div_ft36.1').style.display = 'none' " >
           [x]</a>
        </div>
        <pre>
        
ft36.1: Traceback (most recent call last):
  File "E:\workspace\IM5.4.0_timing\test_f_dissolve_group.py", line 36, in test_group_dissolve
    driver.find_element_by_name(u"Ã¨Â§Â£Ã¦Â•Â£Ã¨Â¯Â¥Ã§Â¾Â¤").click()#Ã§Â‚Â¹Ã¥Â‡Â»Ã§Â¾Â¤Ã§Â»Â„Ã§Â®Â¡Ã§ÂÂ†
  File "C:\Python27\lib\site-packages\selenium\webdriver\remote\webdriver.py", line 381, in find_element_by_name
    return self.find_element(by=By.NAME, value=name)
  File "C:\Python27\lib\site-packages\selenium\webdriver\remote\webdriver.py", line 787, in find_element
    'value': value})['value']
  File "C:\Python27\lib\site-packages\selenium\webdriver\remote\webdriver.py", line 252, in execute
    self.error_handler.check_response(response)
  File "C:\Python27\lib\site-packages\appium\webdriver\errorhandler.py", line 29, in check_response
    raise wde
NoSuchElementException: Message: An element could not be located on the page using the given search parameters.



        </pre>
    </div>
    <!--css div popup end-->

    </td>
</tr>

<tr class='passClass'>
    <td>test_g_creategroup.Imtest</td>
    <td>1</td>
    <td>1</td>
    <td>0</td>
    <td>0</td>
    <td><a href="javascript:showClassDetail('c37',1)">Detail</a></td>
</tr>

<tr id='pt37.1' class='hiddenRow'>
    <td class='none'><div class='testcase'>test_creategroup: åˆ›å»ºè®¨è®ºç»„</div></td>
    <td colspan='5' align='center'>

    <!--css div popup start-->
    <a class="popup_link" onfocus='this.blur();' href="javascript:showTestDetail('div_pt37.1')" >
        pass</a>

    <div id='div_pt37.1' class="popup_window">
        <div style='text-align: right; color:red;cursor:pointer'>
        <a onfocus='this.blur();' onclick="document.getElementById('div_pt37.1').style.display = 'none' " >
           [x]</a>
        </div>
        <pre>
        
pt37.1: é€€å‡ºç™»å½•
1
ç‚¹å‡»ç™»é™†å¹¶ç­‰å¾…äº†2ç§’
2
è´¦å·13311267857å·²ç»ç™»å½•
è®¨è®ºç»„IDä¸º    gg80198283630


        </pre>
    </div>
    <!--css div popup end-->

    </td>
</tr>

<tr class='passClass'>
    <td>test_g_discussionname.Imtest</td>
    <td>1</td>
    <td>1</td>
    <td>0</td>
    <td>0</td>
    <td><a href="javascript:showClassDetail('c38',1)">Detail</a></td>
</tr>

<tr id='pt38.1' class='hiddenRow'>
    <td class='none'><div class='testcase'>test_creategroup: ä¿®æ”¹è®¨è®ºç»„ç»„åç§°</div></td>
    <td colspan='5' align='center'>

    <!--css div popup start-->
    <a class="popup_link" onfocus='this.blur();' href="javascript:showTestDetail('div_pt38.1')" >
        pass</a>

    <div id='div_pt38.1' class="popup_window">
        <div style='text-align: right; color:red;cursor:pointer'>
        <a onfocus='this.blur();' onclick="document.getElementById('div_pt38.1').style.display = 'none' " >
           [x]</a>
        </div>
        <pre>
        
pt38.1: è®¨è®ºç»„id:gg80198283630
è®¨è®ºç»„èŠå¤©é¡µé¢è®¨è®ºç»„åç§°discussionname1æ˜¾ç¤ºæ­£ç¡®
è®¨è®ºç»„åˆ—è¡¨é¡µé¢è®¨è®ºç»„åç§°discussionname1æ˜¾ç¤ºæ­£ç¡®
ç³»ç»Ÿé€šçŸ¥æœªè¯»æ¶ˆæ¯æ•°æ˜¾ç¤ºæ­£ç¡®


        </pre>
    </div>
    <!--css div popup end-->

    </td>
</tr>

<tr class='passClass'>
    <td>test_g_discussionnickname.Imtest</td>
    <td>1</td>
    <td>1</td>
    <td>0</td>
    <td>0</td>
    <td><a href="javascript:showClassDetail('c39',1)">Detail</a></td>
</tr>

<tr id='pt39.1' class='hiddenRow'>
    <td class='none'><div class='testcase'>test_creategroup: ä¿®æ”¹ç¾¤ç»„åç‰‡</div></td>
    <td colspan='5' align='center'>

    <!--css div popup start-->
    <a class="popup_link" onfocus='this.blur();' href="javascript:showTestDetail('div_pt39.1')" >
        pass</a>

    <div id='div_pt39.1' class="popup_window">
        <div style='text-align: right; color:red;cursor:pointer'>
        <a onfocus='this.blur();' onclick="document.getElementById('div_pt39.1').style.display = 'none' " >
           [x]</a>
        </div>
        <pre>
        
pt39.1: Ã¨Â®Â¨Ã¨Â®ÂºÃ§Â»Â„id:gg80198283630
Ã§Â³Â»Ã§Â»ÂŸÃ©Â€ÂšÃ§ÂŸÂ¥Ã¦ÂœÂªÃ¨Â¯Â»Ã¦Â¶ÂˆÃ¦ÂÂ¯Ã¦Â•Â°Ã¦Â˜Â¾Ã§Â¤ÂºÃ¦Â­Â£Ã§Â¡Â®


        </pre>
    </div>
    <!--css div popup end-->

    </td>
</tr>

<tr class='passClass'>
    <td>test_g_gkick_grouper.Imtest</td>
    <td>1</td>
    <td>1</td>
    <td>0</td>
    <td>0</td>
    <td><a href="javascript:showClassDetail('c40',1)">Detail</a></td>
</tr>

<tr id='pt40.1' class='hiddenRow'>
    <td class='none'><div class='testcase'>test_creategroup: è¸¢å‡ºè®¨è®ºç»„æˆå‘˜</div></td>
    <td colspan='5' align='center'>

    <!--css div popup start-->
    <a class="popup_link" onfocus='this.blur();' href="javascript:showTestDetail('div_pt40.1')" >
        pass</a>

    <div id='div_pt40.1' class="popup_window">
        <div style='text-align: right; color:red;cursor:pointer'>
        <a onfocus='this.blur();' onclick="document.getElementById('div_pt40.1').style.display = 'none' " >
           [x]</a>
        </div>
        <pre>
        
pt40.1: gg80198283630
Ã§Â³Â»Ã§Â»ÂŸÃ©Â€ÂšÃ§ÂŸÂ¥Ã¦ÂœÂªÃ¨Â¯Â»Ã¦Â¶ÂˆÃ¦ÂÂ¯Ã¦Â•Â°Ã¦Â˜Â¾Ã§Â¤ÂºÃ¦Â­Â£Ã§Â¡Â®


        </pre>
    </div>
    <!--css div popup end-->

    </td>
</tr>

<tr class='passClass'>
    <td>test_g_grouperinvite_.Imtest</td>
    <td>1</td>
    <td>1</td>
    <td>0</td>
    <td>0</td>
    <td><a href="javascript:showClassDetail('c41',1)">Detail</a></td>
</tr>

<tr id='pt41.1' class='hiddenRow'>
    <td class='none'><div class='testcase'>test_creategroup: åˆ›å»ºè€…é‚€è¯·å¥½å‹åŠ å…¥è®¨è®ºç»„</div></td>
    <td colspan='5' align='center'>

    <!--css div popup start-->
    <a class="popup_link" onfocus='this.blur();' href="javascript:showTestDetail('div_pt41.1')" >
        pass</a>

    <div id='div_pt41.1' class="popup_window">
        <div style='text-align: right; color:red;cursor:pointer'>
        <a onfocus='this.blur();' onclick="document.getElementById('div_pt41.1').style.display = 'none' " >
           [x]</a>
        </div>
        <pre>
        
pt41.1: Ã¨Â®Â¨Ã¨Â®ÂºÃ§Â»Â„id:gg80198283630
Ã¨Â¢Â«Ã©Â‚Â€Ã¨Â¯Â·Ã¤ÂºÂºÃ¦ÂˆÂÃ¥ÂŠÂŸÃ¥ÂŠÂ Ã¥Â…Â¥Ã§Â¾Â¤


        </pre>
    </div>
    <!--css div popup end-->

    </td>
</tr>

<tr class='failClass'>
    <td>test_g_hatgrouper.Imtest</td>
    <td>1</td>
    <td>0</td>
    <td>1</td>
    <td>0</td>
    <td><a href="javascript:showClassDetail('c42',1)">Detail</a></td>
</tr>

<tr id='ft42.1' class='none'>
    <td class='failCase'><div class='testcase'>test_creategroup: åˆ›å»ºè€…é‚€è¯·å¥½å‹åŠ å…¥è®¨è®ºç»„</div></td>
    <td colspan='5' align='center'>

    <!--css div popup start-->
    <a class="popup_link" onfocus='this.blur();' href="javascript:showTestDetail('div_ft42.1')" >
        fail</a>

    <div id='div_ft42.1' class="popup_window">
        <div style='text-align: right; color:red;cursor:pointer'>
        <a onfocus='this.blur();' onclick="document.getElementById('div_ft42.1').style.display = 'none' " >
           [x]</a>
        </div>
        <pre>
        
ft42.1: è®¨è®ºç»„id:gg80198283630
é€€å‡ºç™»å½•
1
ç‚¹å‡»ç™»é™†å¹¶ç­‰å¾…äº†2ç§’
2
è´¦å·13683353775å·²ç»ç™»å½•
å·²ç»åˆ é™¤å¯¹è¯åç§°ä¸ºâ€œç³»ç»Ÿé€šçŸ¥â€çš„å†å²æ¶ˆæ¯
Traceback (most recent call last):
  File "E:\workspace\IM5.4.0_timing\test_g_hatgrouper.py", line 49, in test_creategroup
    assert_equal(el,u"[Ã¦ÂœÂ‰Ã¤ÂºÂº@Ã¦ÂˆÂ‘]Ã§ÂÂƒÃ§ÂÂƒ: @Ã¤Â¿Â®Ã¦ÂœÂˆÃ¢Â€Â…",msg=u'@Ã¦Â¶ÂˆÃ¦ÂÂ¯Ã©ÂªÂŒÃ¨Â¯ÂÃ¥Â¤Â±Ã¨Â´Â¥')
  File "C:\Python27\lib\site-packages\robot\utils\asserts.py", line 182, in assert_equal
    _report_inequality_failure(first, second, msg, values, '!=')
  File "C:\Python27\lib\site-packages\robot\utils\asserts.py", line 230, in _report_inequality_failure
    raise AssertionError(msg)
AssertionError: @Ã¦Â¶ÂˆÃ¦ÂÂ¯Ã©ÂªÂŒÃ¨Â¯ÂÃ¥Â¤Â±Ã¨Â´Â¥: jbvubu != [Ã¦ÂœÂ‰Ã¤ÂºÂº@Ã¦ÂˆÂ‘]Ã§ÂÂƒÃ§ÂÂƒ: @Ã¤Â¿Â®Ã¦ÂœÂˆÃ¢Â€Â…


        </pre>
    </div>
    <!--css div popup end-->

    </td>
</tr>

<tr class='passClass'>
    <td>test_g_hclearmassage.Imtest</td>
    <td>1</td>
    <td>1</td>
    <td>0</td>
    <td>0</td>
    <td><a href="javascript:showClassDetail('c43',1)">Detail</a></td>
</tr>

<tr id='pt43.1' class='hiddenRow'>
    <td class='none'><div class='testcase'>test_clear_massage: æ™®é€šæˆå‘˜æ¸…ç©ºè®¨è®ºç»„èŠå¤©è®°å½•</div></td>
    <td colspan='5' align='center'>

    <!--css div popup start-->
    <a class="popup_link" onfocus='this.blur();' href="javascript:showTestDetail('div_pt43.1')" >
        pass</a>

    <div id='div_pt43.1' class="popup_window">
        <div style='text-align: right; color:red;cursor:pointer'>
        <a onfocus='this.blur();' onclick="document.getElementById('div_pt43.1').style.display = 'none' " >
           [x]</a>
        </div>
        <pre>
        
pt43.1: Ã¨Â®Â¨Ã¨Â®ÂºÃ§Â»Â„id:gg80198283630
Ã¨Â®Â¨Ã¨Â®ÂºÃ§Â»Â„Ã¦Â¸Â…Ã§Â©ÂºÃ¨ÂÂŠÃ¥Â¤Â©Ã¨Â®Â°Ã¥Â½Â•Ã¦ÂˆÂÃ¥ÂŠÂŸ


        </pre>
    </div>
    <!--css div popup end-->

    </td>
</tr>

<tr class='passClass'>
    <td>test_g_hgit_status.Imtest</td>
    <td>1</td>
    <td>1</td>
    <td>0</td>
    <td>0</td>
    <td><a href="javascript:showClassDetail('c44',1)">Detail</a></td>
</tr>

<tr id='pt44.1' class='hiddenRow'>
    <td class='none'><div class='testcase'>test_clear_massage: æ™®é€šæˆå‘˜æ¸…ç©ºè®¨è®ºç»„èŠå¤©è®°å½•</div></td>
    <td colspan='5' align='center'>

    <!--css div popup start-->
    <a class="popup_link" onfocus='this.blur();' href="javascript:showTestDetail('div_pt44.1')" >
        pass</a>

    <div id='div_pt44.1' class="popup_window">
        <div style='text-align: right; color:red;cursor:pointer'>
        <a onfocus='this.blur();' onclick="document.getElementById('div_pt44.1').style.display = 'none' " >
           [x]</a>
        </div>
        <pre>
        
pt44.1: Ã¨Â®Â¨Ã¨Â®ÂºÃ§Â»Â„id:gg80198283630
Ã¦ÂœÂªÃ¨Â¯Â»Ã¦Â¶ÂˆÃ¦ÂÂ¯Ã¥ÂˆÂ—Ã¨Â¡Â¨Ã¥Â±Â•Ã§Â¤ÂºÃ¦ÂˆÂÃ¥Â‘Â˜Ã¦ÂˆÂÃ¥ÂŠÂŸ


        </pre>
    </div>
    <!--css div popup end-->

    </td>
</tr>

<tr class='passClass'>
    <td>test_g_hrevocation.Imtest</td>
    <td>1</td>
    <td>1</td>
    <td>0</td>
    <td>0</td>
    <td><a href="javascript:showClassDetail('c45',1)">Detail</a></td>
</tr>

<tr id='pt45.1' class='hiddenRow'>
    <td class='none'><div class='testcase'>test_clear_massage: æ™®é€šæˆå‘˜æ¸…ç©ºè®¨è®ºç»„èŠå¤©è®°å½•</div></td>
    <td colspan='5' align='center'>

    <!--css div popup start-->
    <a class="popup_link" onfocus='this.blur();' href="javascript:showTestDetail('div_pt45.1')" >
        pass</a>

    <div id='div_pt45.1' class="popup_window">
        <div style='text-align: right; color:red;cursor:pointer'>
        <a onfocus='this.blur();' onclick="document.getElementById('div_pt45.1').style.display = 'none' " >
           [x]</a>
        </div>
        <pre>
        
pt45.1: Ã¨Â®Â¨Ã¨Â®ÂºÃ§Â»Â„id:gg80198283630
Ã¦Â’Â¤Ã¥Â›ÂÃ¦Â¶ÂˆÃ¦ÂÂ¯Ã¦ÂˆÂÃ¥ÂŠÂŸ


        </pre>
    </div>
    <!--css div popup end-->

    </td>
</tr>

<tr class='passClass'>
    <td>test_z_logout.Imtest</td>
    <td>1</td>
    <td>1</td>
    <td>0</td>
    <td>0</td>
    <td><a href="javascript:showClassDetail('c46',1)">Detail</a></td>
</tr>

<tr id='pt46.1' class='hiddenRow'>
    <td class='none'><div class='testcase'>test_logout: é€€å‡ºå½“å‰è´¦å·</div></td>
    <td colspan='5' align='center'>

    <!--css div popup start-->
    <a class="popup_link" onfocus='this.blur();' href="javascript:showTestDetail('div_pt46.1')" >
        pass</a>

    <div id='div_pt46.1' class="popup_window">
        <div style='text-align: right; color:red;cursor:pointer'>
        <a onfocus='this.blur();' onclick="document.getElementById('div_pt46.1').style.display = 'none' " >
           [x]</a>
        </div>
        <pre>
        
pt46.1: Ã©Â€Â€Ã¥Â‡ÂºÃ§Â™Â»Ã¥Â½Â•


        </pre>
    </div>
    <!--css div popup end-->

    </td>
</tr>

<tr id='total_row'>
    <td>Total</td>
    <td>46</td>
    <td>25</td>
    <td>9</td>
    <td>12</td>
    <td>&nbsp;</td>
</tr>
</table>

<div id='ending'>&nbsp;</div>

</body>
</html>
